[0m14:49:44.938423 [debug] [MainThread]: Sending event: {'category': 'dbt', 'action': 'invocation', 'label': 'start', 'context': [<snowplow_tracker.self_describing_json.SelfDescribingJson object at 0x106a266d0>, <snowplow_tracker.self_describing_json.SelfDescribingJson object at 0x1084edfd0>, <snowplow_tracker.self_describing_json.SelfDescribingJson object at 0x10855d310>]}


============================== 14:49:44.941140 | 55d677d8-4b49-4ff1-8927-46f2c21ac33a ==============================
[0m14:49:44.941140 [info ] [MainThread]: Running with dbt=1.7.18
[0m14:49:44.941490 [debug] [MainThread]: running dbt with arguments {'printer_width': '80', 'indirect_selection': 'eager', 'write_json': 'True', 'log_cache_events': 'False', 'partial_parse': 'True', 'cache_selected_only': 'False', 'warn_error': 'None', 'version_check': 'True', 'fail_fast': 'False', 'log_path': 'logs', 'profiles_dir': '/Users/alexaustinchettiar/.dbt', 'debug': 'False', 'use_colors': 'True', 'use_experimental_parser': 'False', 'no_print': 'None', 'quiet': 'False', 'warn_error_options': 'WarnErrorOptions(include=[], exclude=[])', 'invocation_command': 'dbt init dbt_project', 'static_parser': 'True', 'introspect': 'True', 'target_path': 'None', 'log_format': 'default', 'send_anonymous_usage_stats': 'True'}
[0m14:49:44.941888 [warn ] [MainThread]: [ConfigFolderDirectory]: Unable to parse dict {'dir': PosixPath('/Users/alexaustinchettiar/.dbt')}
[0m14:49:44.942082 [info ] [MainThread]: Creating dbt configuration folder at 
[0m14:49:44.942629 [info ] [MainThread]: A project called dbt_project already exists here.
[0m14:49:44.956916 [debug] [MainThread]: Resource report: {"command_name": "init", "command_success": true, "command_wall_clock_time": 0.063635126, "process_user_time": 1.148983, "process_kernel_time": 0.148799, "process_mem_max_rss": "96206848", "process_in_blocks": "0", "process_out_blocks": "0"}
[0m14:49:44.957363 [debug] [MainThread]: Command `dbt init` succeeded at 14:49:44.957274 after 0.06 seconds
[0m14:49:44.957581 [debug] [MainThread]: Sending event: {'category': 'dbt', 'action': 'invocation', 'label': 'end', 'context': [<snowplow_tracker.self_describing_json.SelfDescribingJson object at 0x106a266d0>, <snowplow_tracker.self_describing_json.SelfDescribingJson object at 0x10641f100>, <snowplow_tracker.self_describing_json.SelfDescribingJson object at 0x10855d310>]}
[0m14:49:44.957805 [debug] [MainThread]: Flushing usage events
[0m14:51:02.302669 [debug] [MainThread]: Sending event: {'category': 'dbt', 'action': 'invocation', 'label': 'start', 'context': [<snowplow_tracker.self_describing_json.SelfDescribingJson object at 0x1064f66d0>, <snowplow_tracker.self_describing_json.SelfDescribingJson object at 0x107fd0760>, <snowplow_tracker.self_describing_json.SelfDescribingJson object at 0x1080399d0>]}


============================== 14:51:02.305728 | 239c2908-3180-4aa0-9b6d-51d3cfa59006 ==============================
[0m14:51:02.305728 [info ] [MainThread]: Running with dbt=1.7.18
[0m14:51:02.306157 [debug] [MainThread]: running dbt with arguments {'printer_width': '80', 'indirect_selection': 'eager', 'log_cache_events': 'False', 'write_json': 'True', 'partial_parse': 'True', 'cache_selected_only': 'False', 'profiles_dir': '/Users/alexaustinchettiar/.dbt', 'fail_fast': 'False', 'debug': 'False', 'log_path': 'logs', 'warn_error': 'None', 'version_check': 'True', 'use_colors': 'True', 'use_experimental_parser': 'False', 'no_print': 'None', 'quiet': 'False', 'log_format': 'default', 'invocation_command': 'dbt init dbt_project', 'introspect': 'True', 'warn_error_options': 'WarnErrorOptions(include=[], exclude=[])', 'target_path': 'None', 'static_parser': 'True', 'send_anonymous_usage_stats': 'True'}
[0m14:51:02.306894 [debug] [MainThread]: Starter project path: /Users/alexaustinchettiar/Library/Python/3.9/lib/python/site-packages/dbt/include/starter_project
[0m14:51:02.310555 [info ] [MainThread]: 
Your new dbt project "dbt_project" was created!

For more information on how to configure the profiles.yml file,
please consult the dbt documentation here:

  https://docs.getdbt.com/docs/configure-your-profile

One more thing:

Need help? Don't hesitate to reach out to us via GitHub issues or on Slack:

  https://community.getdbt.com/

Happy modeling!

[0m14:51:02.310822 [info ] [MainThread]: Setting up your profile.
[0m14:57:40.776305 [info ] [MainThread]: Profile dbt_project written to /Users/alexaustinchettiar/.dbt/profiles.yml using target's profile_template.yml and your supplied values. Run 'dbt debug' to validate the connection.
[0m14:57:40.781481 [debug] [MainThread]: Resource report: {"command_name": "init", "command_success": true, "command_wall_clock_time": 398.52823, "process_user_time": 2.236072, "process_kernel_time": 2.214728, "process_mem_max_rss": "172343296", "process_in_blocks": "0", "process_out_blocks": "0"}
[0m14:57:40.782453 [debug] [MainThread]: Command `dbt init` succeeded at 14:57:40.782261 after 398.53 seconds
[0m14:57:40.782998 [debug] [MainThread]: Sending event: {'category': 'dbt', 'action': 'invocation', 'label': 'end', 'context': [<snowplow_tracker.self_describing_json.SelfDescribingJson object at 0x1064f66d0>, <snowplow_tracker.self_describing_json.SelfDescribingJson object at 0x108039fa0>, <snowplow_tracker.self_describing_json.SelfDescribingJson object at 0x107fdf5b0>]}
[0m14:57:40.783532 [debug] [MainThread]: Flushing usage events
[0m13:26:06.447054 [debug] [MainThread]: Sending event: {'category': 'dbt', 'action': 'invocation', 'label': 'start', 'context': [<snowplow_tracker.self_describing_json.SelfDescribingJson object at 0x102f77760>, <snowplow_tracker.self_describing_json.SelfDescribingJson object at 0x104a50100>, <snowplow_tracker.self_describing_json.SelfDescribingJson object at 0x104ab66a0>]}


============================== 13:26:06.449823 | d99aef74-d1a6-4163-9de2-1655af491cd6 ==============================
[0m13:26:06.449823 [info ] [MainThread]: Running with dbt=1.7.18
[0m13:26:06.450171 [debug] [MainThread]: running dbt with arguments {'printer_width': '80', 'indirect_selection': 'eager', 'log_cache_events': 'False', 'write_json': 'True', 'partial_parse': 'True', 'cache_selected_only': 'False', 'warn_error': 'None', 'fail_fast': 'False', 'version_check': 'True', 'log_path': 'logs', 'debug': 'False', 'profiles_dir': '/Users/alexaustinchettiar/.dbt', 'use_colors': 'True', 'use_experimental_parser': 'False', 'no_print': 'None', 'quiet': 'False', 'warn_error_options': 'WarnErrorOptions(include=[], exclude=[])', 'introspect': 'True', 'static_parser': 'True', 'log_format': 'default', 'target_path': 'None', 'invocation_command': 'dbt debug', 'send_anonymous_usage_stats': 'True'}
[0m13:26:06.450645 [info ] [MainThread]: dbt version: 1.7.18
[0m13:26:06.450847 [info ] [MainThread]: python version: 3.9.6
[0m13:26:06.451025 [info ] [MainThread]: python path: /Library/Developer/CommandLineTools/usr/bin/python3
[0m13:26:06.451197 [info ] [MainThread]: os info: macOS-14.4-arm64-arm-64bit
[0m13:26:07.131313 [info ] [MainThread]: Using profiles dir at /Users/alexaustinchettiar/.dbt
[0m13:26:07.131626 [info ] [MainThread]: Using profiles.yml file at /Users/alexaustinchettiar/.dbt/profiles.yml
[0m13:26:07.131829 [info ] [MainThread]: Using dbt_project.yml file at /Users/alexaustinchettiar/Downloads/dbt_snowflake_dagster/dbt_project.yml
[0m13:26:07.132163 [info ] [MainThread]: adapter type: snowflake
[0m13:26:07.132390 [info ] [MainThread]: adapter version: 1.7.1
[0m13:26:07.132597 [info ] [MainThread]: Configuration:
[0m13:26:07.132775 [info ] [MainThread]:   profiles.yml file [[32mOK found and valid[0m]
[0m13:26:07.132949 [info ] [MainThread]:   dbt_project.yml file [[31mERROR not found[0m]
[0m13:26:07.133125 [info ] [MainThread]: Required dependencies:
[0m13:26:07.133327 [debug] [MainThread]: Executing "git --help"
[0m13:26:07.143971 [debug] [MainThread]: STDOUT: "b"usage: git [-v | --version] [-h | --help] [-C <path>] [-c <name>=<value>]\n           [--exec-path[=<path>]] [--html-path] [--man-path] [--info-path]\n           [-p | --paginate | -P | --no-pager] [--no-replace-objects] [--bare]\n           [--git-dir=<path>] [--work-tree=<path>] [--namespace=<name>]\n           [--super-prefix=<path>] [--config-env=<name>=<envvar>]\n           <command> [<args>]\n\nThese are common Git commands used in various situations:\n\nstart a working area (see also: git help tutorial)\n   clone     Clone a repository into a new directory\n   init      Create an empty Git repository or reinitialize an existing one\n\nwork on the current change (see also: git help everyday)\n   add       Add file contents to the index\n   mv        Move or rename a file, a directory, or a symlink\n   restore   Restore working tree files\n   rm        Remove files from the working tree and from the index\n\nexamine the history and state (see also: git help revisions)\n   bisect    Use binary search to find the commit that introduced a bug\n   diff      Show changes between commits, commit and working tree, etc\n   grep      Print lines matching a pattern\n   log       Show commit logs\n   show      Show various types of objects\n   status    Show the working tree status\n\ngrow, mark and tweak your common history\n   branch    List, create, or delete branches\n   commit    Record changes to the repository\n   merge     Join two or more development histories together\n   rebase    Reapply commits on top of another base tip\n   reset     Reset current HEAD to the specified state\n   switch    Switch branches\n   tag       Create, list, delete or verify a tag object signed with GPG\n\ncollaborate (see also: git help workflows)\n   fetch     Download objects and refs from another repository\n   pull      Fetch from and integrate with another repository or a local branch\n   push      Update remote refs along with associated objects\n\n'git help -a' and 'git help -g' list available subcommands and some\nconcept guides. See 'git help <command>' or 'git help <concept>'\nto read about a specific subcommand or concept.\nSee 'git help git' for an overview of the system.\n""
[0m13:26:07.144639 [debug] [MainThread]: STDERR: "b''"
[0m13:26:07.145146 [info ] [MainThread]:  - git [[32mOK found[0m]

[0m13:26:07.145363 [info ] [MainThread]: Connection:
[0m13:26:07.145593 [info ] [MainThread]:   account: XBCUYLC-XOB55779
[0m13:26:07.145762 [info ] [MainThread]:   user: ALEXAUSTIN
[0m13:26:07.145924 [info ] [MainThread]:   database: MY_DB
[0m13:26:07.146083 [info ] [MainThread]:   warehouse: COMPUTE_WH
[0m13:26:07.146244 [info ] [MainThread]:   role: ACCOUNTADMIN
[0m13:26:07.146403 [info ] [MainThread]:   schema: MY_SCHEMA
[0m13:26:07.146562 [info ] [MainThread]:   authenticator: None
[0m13:26:07.146720 [info ] [MainThread]:   private_key_path: None
[0m13:26:07.146879 [info ] [MainThread]:   token: None
[0m13:26:07.147037 [info ] [MainThread]:   oauth_client_id: None
[0m13:26:07.147214 [info ] [MainThread]:   query_tag: None
[0m13:26:07.147380 [info ] [MainThread]:   client_session_keep_alive: False
[0m13:26:07.147536 [info ] [MainThread]:   host: None
[0m13:26:07.147694 [info ] [MainThread]:   port: None
[0m13:26:07.147856 [info ] [MainThread]:   proxy_host: None
[0m13:26:07.148009 [info ] [MainThread]:   proxy_port: None
[0m13:26:07.148164 [info ] [MainThread]:   protocol: None
[0m13:26:07.148321 [info ] [MainThread]:   connect_retries: 1
[0m13:26:07.148478 [info ] [MainThread]:   connect_timeout: None
[0m13:26:07.148637 [info ] [MainThread]:   retry_on_database_errors: False
[0m13:26:07.148799 [info ] [MainThread]:   retry_all: False
[0m13:26:07.148964 [info ] [MainThread]:   insecure_mode: False
[0m13:26:07.149121 [info ] [MainThread]:   reuse_connections: None
[0m13:26:07.149410 [info ] [MainThread]: Registered adapter: snowflake=1.7.1
[0m13:26:07.153340 [debug] [MainThread]: Acquiring new snowflake connection 'debug'
[0m13:26:07.154447 [debug] [MainThread]: Using snowflake connection "debug"
[0m13:26:07.154713 [debug] [MainThread]: On debug: select 1 as id
[0m13:26:07.154923 [debug] [MainThread]: Opening a new connection, currently in state init
[0m13:26:08.351745 [debug] [MainThread]: SQL status: SUCCESS 1 in 1.0 seconds
[0m13:26:08.354299 [debug] [MainThread]: On debug: Close
[0m13:26:08.474296 [info ] [MainThread]:   Connection test: [[32mOK connection ok[0m]

[0m13:26:08.475338 [info ] [MainThread]: [31m1 check failed:[0m
[0m13:26:08.475917 [info ] [MainThread]: Project loading failed for the following reason:
 project path </Users/alexaustinchettiar/Downloads/dbt_snowflake_dagster/dbt_project.yml> not found

[0m13:26:08.481216 [debug] [MainThread]: Resource report: {"command_name": "debug", "command_wall_clock_time": 2.0826726, "process_user_time": 2.157291, "process_kernel_time": 2.085976, "process_mem_max_rss": "181649408", "command_success": false, "process_in_blocks": "0", "process_out_blocks": "0"}
[0m13:26:08.482334 [debug] [MainThread]: Command `dbt debug` failed at 13:26:08.482117 after 2.08 seconds
[0m13:26:08.482870 [debug] [MainThread]: Connection 'debug' was properly closed.
[0m13:26:08.483365 [debug] [MainThread]: Sending event: {'category': 'dbt', 'action': 'invocation', 'label': 'end', 'context': [<snowplow_tracker.self_describing_json.SelfDescribingJson object at 0x102f77760>, <snowplow_tracker.self_describing_json.SelfDescribingJson object at 0x13222efa0>, <snowplow_tracker.self_describing_json.SelfDescribingJson object at 0x13227fa90>]}
[0m13:26:08.483923 [debug] [MainThread]: Flushing usage events
