[0m16:11:25.883920 [debug] [MainThread]: Sending event: {'category': 'dbt', 'action': 'invocation', 'label': 'start', 'context': [<snowplow_tracker.self_describing_json.SelfDescribingJson object at 0x1024eb160>, <snowplow_tracker.self_describing_json.SelfDescribingJson object at 0x105b64be0>, <snowplow_tracker.self_describing_json.SelfDescribingJson object at 0x105b64880>]}


============================== 16:11:25.886385 | 1d7bde30-e0b5-435b-b1b0-bcbcdf72cb17 ==============================
[0m16:11:25.886385 [info ] [MainThread]: Running with dbt=1.7.18
[0m16:11:25.886718 [debug] [MainThread]: running dbt with arguments {'printer_width': '80', 'indirect_selection': 'eager', 'log_cache_events': 'False', 'write_json': 'True', 'partial_parse': 'True', 'cache_selected_only': 'False', 'warn_error': 'None', 'fail_fast': 'False', 'debug': 'False', 'log_path': 'logs', 'profiles_dir': '/Users/alexaustinchettiar/.dbt', 'version_check': 'True', 'use_colors': 'True', 'use_experimental_parser': 'False', 'no_print': 'None', 'quiet': 'False', 'warn_error_options': 'WarnErrorOptions(include=[], exclude=[])', 'invocation_command': 'dbt debug', 'introspect': 'True', 'log_format': 'default', 'target_path': 'None', 'static_parser': 'True', 'send_anonymous_usage_stats': 'True'}
[0m16:11:25.887179 [info ] [MainThread]: dbt version: 1.7.18
[0m16:11:25.887369 [info ] [MainThread]: python version: 3.9.6
[0m16:11:25.887549 [info ] [MainThread]: python path: /Library/Developer/CommandLineTools/usr/bin/python3
[0m16:11:25.887718 [info ] [MainThread]: os info: macOS-14.4-arm64-arm-64bit
[0m16:11:26.478738 [info ] [MainThread]: Using profiles dir at /Users/alexaustinchettiar/.dbt
[0m16:11:26.479086 [info ] [MainThread]: Using profiles.yml file at /Users/alexaustinchettiar/.dbt/profiles.yml
[0m16:11:26.479289 [info ] [MainThread]: Using dbt_project.yml file at /Users/alexaustinchettiar/Downloads/dbt_snowflake_dagster/dagster_project/my_dagster_project/my_dagster_project/dbt_project.yml
[0m16:11:26.479670 [info ] [MainThread]: adapter type: snowflake
[0m16:11:26.479921 [info ] [MainThread]: adapter version: 1.7.1
[0m16:11:26.480278 [info ] [MainThread]: Configuration:
[0m16:11:26.480506 [info ] [MainThread]:   profiles.yml file [[32mOK found and valid[0m]
[0m16:11:26.480799 [info ] [MainThread]:   dbt_project.yml file [[31mERROR not found[0m]
[0m16:11:26.481035 [info ] [MainThread]: Required dependencies:
[0m16:11:26.481346 [debug] [MainThread]: Executing "git --help"
[0m16:11:26.494605 [debug] [MainThread]: STDOUT: "b"usage: git [-v | --version] [-h | --help] [-C <path>] [-c <name>=<value>]\n           [--exec-path[=<path>]] [--html-path] [--man-path] [--info-path]\n           [-p | --paginate | -P | --no-pager] [--no-replace-objects] [--bare]\n           [--git-dir=<path>] [--work-tree=<path>] [--namespace=<name>]\n           [--super-prefix=<path>] [--config-env=<name>=<envvar>]\n           <command> [<args>]\n\nThese are common Git commands used in various situations:\n\nstart a working area (see also: git help tutorial)\n   clone     Clone a repository into a new directory\n   init      Create an empty Git repository or reinitialize an existing one\n\nwork on the current change (see also: git help everyday)\n   add       Add file contents to the index\n   mv        Move or rename a file, a directory, or a symlink\n   restore   Restore working tree files\n   rm        Remove files from the working tree and from the index\n\nexamine the history and state (see also: git help revisions)\n   bisect    Use binary search to find the commit that introduced a bug\n   diff      Show changes between commits, commit and working tree, etc\n   grep      Print lines matching a pattern\n   log       Show commit logs\n   show      Show various types of objects\n   status    Show the working tree status\n\ngrow, mark and tweak your common history\n   branch    List, create, or delete branches\n   commit    Record changes to the repository\n   merge     Join two or more development histories together\n   rebase    Reapply commits on top of another base tip\n   reset     Reset current HEAD to the specified state\n   switch    Switch branches\n   tag       Create, list, delete or verify a tag object signed with GPG\n\ncollaborate (see also: git help workflows)\n   fetch     Download objects and refs from another repository\n   pull      Fetch from and integrate with another repository or a local branch\n   push      Update remote refs along with associated objects\n\n'git help -a' and 'git help -g' list available subcommands and some\nconcept guides. See 'git help <command>' or 'git help <concept>'\nto read about a specific subcommand or concept.\nSee 'git help git' for an overview of the system.\n""
[0m16:11:26.495245 [debug] [MainThread]: STDERR: "b''"
[0m16:11:26.495722 [info ] [MainThread]:  - git [[32mOK found[0m]

[0m16:11:26.495929 [info ] [MainThread]: Connection:
[0m16:11:26.496155 [info ] [MainThread]:   account: XXXXXXXX-XOB55779
[0m16:11:26.496515 [info ] [MainThread]:   user: ALEXAUSTIN
[0m16:11:26.496803 [info ] [MainThread]:   database: MY_DB
[0m16:11:26.497017 [info ] [MainThread]:   warehouse: COMPUTE_WH
[0m16:11:26.497311 [info ] [MainThread]:   role: ACCOUNTADMIN
[0m16:11:26.497506 [info ] [MainThread]:   schema: MY_SCHEMA
[0m16:11:26.497691 [info ] [MainThread]:   authenticator: None
[0m16:11:26.497867 [info ] [MainThread]:   private_key_path: None
[0m16:11:26.498102 [info ] [MainThread]:   token: None
[0m16:11:26.498369 [info ] [MainThread]:   oauth_client_id: None
[0m16:11:26.498606 [info ] [MainThread]:   query_tag: None
[0m16:11:26.498794 [info ] [MainThread]:   client_session_keep_alive: False
[0m16:11:26.498972 [info ] [MainThread]:   host: None
[0m16:11:26.499145 [info ] [MainThread]:   port: None
[0m16:11:26.499315 [info ] [MainThread]:   proxy_host: None
[0m16:11:26.499484 [info ] [MainThread]:   proxy_port: None
[0m16:11:26.499651 [info ] [MainThread]:   protocol: None
[0m16:11:26.499821 [info ] [MainThread]:   connect_retries: 1
[0m16:11:26.499989 [info ] [MainThread]:   connect_timeout: None
[0m16:11:26.500161 [info ] [MainThread]:   retry_on_database_errors: False
[0m16:11:26.500327 [info ] [MainThread]:   retry_all: False
[0m16:11:26.500497 [info ] [MainThread]:   insecure_mode: False
[0m16:11:26.500664 [info ] [MainThread]:   reuse_connections: None
[0m16:11:26.501325 [info ] [MainThread]: Registered adapter: snowflake=1.7.1
[0m16:11:26.506153 [debug] [MainThread]: Acquiring new snowflake connection 'debug'
[0m16:11:26.507897 [debug] [MainThread]: Using snowflake connection "debug"
[0m16:11:26.508208 [debug] [MainThread]: On debug: select 1 as id
[0m16:11:26.508456 [debug] [MainThread]: Opening a new connection, currently in state init
[0m16:11:27.064687 [debug] [MainThread]: SQL status: SUCCESS 1 in 1.0 seconds
[0m16:11:27.066126 [debug] [MainThread]: On debug: Close
[0m16:11:27.171980 [info ] [MainThread]:   Connection test: [[32mOK connection ok[0m]

[0m16:11:27.173215 [info ] [MainThread]: [31m1 check failed:[0m
[0m16:11:27.173876 [info ] [MainThread]: Project loading failed for the following reason:
 project path </Users/alexaustinchettiar/Downloads/dbt_snowflake_dagster/dagster_project/my_dagster_project/my_dagster_project/dbt_project.yml> not found

[0m16:11:27.177249 [debug] [MainThread]: Resource report: {"command_name": "debug", "command_wall_clock_time": 1.3355849, "process_user_time": 2.09683, "process_kernel_time": 2.037887, "process_mem_max_rss": "180764672", "command_success": false, "process_in_blocks": "0", "process_out_blocks": "0"}
[0m16:11:27.178079 [debug] [MainThread]: Command `dbt debug` failed at 16:11:27.177873 after 1.34 seconds
[0m16:11:27.178569 [debug] [MainThread]: Connection 'debug' was properly closed.
[0m16:11:27.179338 [debug] [MainThread]: Sending event: {'category': 'dbt', 'action': 'invocation', 'label': 'end', 'context': [<snowplow_tracker.self_describing_json.SelfDescribingJson object at 0x1024eb160>, <snowplow_tracker.self_describing_json.SelfDescribingJson object at 0x13d3411f0>, <snowplow_tracker.self_describing_json.SelfDescribingJson object at 0x13d39a910>]}
[0m16:11:27.180348 [debug] [MainThread]: Flushing usage events
[0m16:12:41.951395 [debug] [MainThread]: Sending event: {'category': 'dbt', 'action': 'invocation', 'label': 'start', 'context': [<snowplow_tracker.self_describing_json.SelfDescribingJson object at 0x104a43160>, <snowplow_tracker.self_describing_json.SelfDescribingJson object at 0x106584be0>, <snowplow_tracker.self_describing_json.SelfDescribingJson object at 0x106584880>]}


============================== 16:12:41.953529 | 5f1f3a9c-42e2-4327-b2ce-c9e82e205716 ==============================
[0m16:12:41.953529 [info ] [MainThread]: Running with dbt=1.7.18
[0m16:12:41.953874 [debug] [MainThread]: running dbt with arguments {'printer_width': '80', 'indirect_selection': 'eager', 'write_json': 'True', 'log_cache_events': 'False', 'partial_parse': 'True', 'cache_selected_only': 'False', 'profiles_dir': '/Users/alexaustinchettiar/.dbt', 'version_check': 'True', 'debug': 'False', 'log_path': 'logs', 'fail_fast': 'False', 'warn_error': 'None', 'use_colors': 'True', 'use_experimental_parser': 'False', 'no_print': 'None', 'quiet': 'False', 'warn_error_options': 'WarnErrorOptions(include=[], exclude=[])', 'introspect': 'True', 'invocation_command': 'dbt debug', 'static_parser': 'True', 'target_path': 'None', 'log_format': 'default', 'send_anonymous_usage_stats': 'True'}
[0m16:12:41.954324 [info ] [MainThread]: dbt version: 1.7.18
[0m16:12:41.954529 [info ] [MainThread]: python version: 3.9.6
[0m16:12:41.954712 [info ] [MainThread]: python path: /Library/Developer/CommandLineTools/usr/bin/python3
[0m16:12:41.954889 [info ] [MainThread]: os info: macOS-14.4-arm64-arm-64bit
[0m16:12:42.381101 [info ] [MainThread]: Using profiles dir at /Users/alexaustinchettiar/.dbt
[0m16:12:42.381407 [info ] [MainThread]: Using profiles.yml file at /Users/alexaustinchettiar/.dbt/profiles.yml
[0m16:12:42.381610 [info ] [MainThread]: Using dbt_project.yml file at /Users/alexaustinchettiar/Downloads/dbt_snowflake_dagster/dagster_project/my_dagster_project/my_dagster_project/dbt_project.yml
[0m16:12:42.381938 [info ] [MainThread]: adapter type: snowflake
[0m16:12:42.382167 [info ] [MainThread]: adapter version: 1.7.1
[0m16:12:42.382362 [info ] [MainThread]: Configuration:
[0m16:12:42.382541 [info ] [MainThread]:   profiles.yml file [[32mOK found and valid[0m]
[0m16:12:42.382712 [info ] [MainThread]:   dbt_project.yml file [[31mERROR not found[0m]
[0m16:12:42.382883 [info ] [MainThread]: Required dependencies:
[0m16:12:42.383088 [debug] [MainThread]: Executing "git --help"
[0m16:12:42.394999 [debug] [MainThread]: STDOUT: "b"usage: git [-v | --version] [-h | --help] [-C <path>] [-c <name>=<value>]\n           [--exec-path[=<path>]] [--html-path] [--man-path] [--info-path]\n           [-p | --paginate | -P | --no-pager] [--no-replace-objects] [--bare]\n           [--git-dir=<path>] [--work-tree=<path>] [--namespace=<name>]\n           [--super-prefix=<path>] [--config-env=<name>=<envvar>]\n           <command> [<args>]\n\nThese are common Git commands used in various situations:\n\nstart a working area (see also: git help tutorial)\n   clone     Clone a repository into a new directory\n   init      Create an empty Git repository or reinitialize an existing one\n\nwork on the current change (see also: git help everyday)\n   add       Add file contents to the index\n   mv        Move or rename a file, a directory, or a symlink\n   restore   Restore working tree files\n   rm        Remove files from the working tree and from the index\n\nexamine the history and state (see also: git help revisions)\n   bisect    Use binary search to find the commit that introduced a bug\n   diff      Show changes between commits, commit and working tree, etc\n   grep      Print lines matching a pattern\n   log       Show commit logs\n   show      Show various types of objects\n   status    Show the working tree status\n\ngrow, mark and tweak your common history\n   branch    List, create, or delete branches\n   commit    Record changes to the repository\n   merge     Join two or more development histories together\n   rebase    Reapply commits on top of another base tip\n   reset     Reset current HEAD to the specified state\n   switch    Switch branches\n   tag       Create, list, delete or verify a tag object signed with GPG\n\ncollaborate (see also: git help workflows)\n   fetch     Download objects and refs from another repository\n   pull      Fetch from and integrate with another repository or a local branch\n   push      Update remote refs along with associated objects\n\n'git help -a' and 'git help -g' list available subcommands and some\nconcept guides. See 'git help <command>' or 'git help <concept>'\nto read about a specific subcommand or concept.\nSee 'git help git' for an overview of the system.\n""
[0m16:12:42.395557 [debug] [MainThread]: STDERR: "b''"
[0m16:12:42.395985 [info ] [MainThread]:  - git [[32mOK found[0m]

[0m16:12:42.396196 [info ] [MainThread]: Connection:
[0m16:12:42.396407 [info ] [MainThread]:   account: XXXXXXX-XOB55779
[0m16:12:42.396580 [info ] [MainThread]:   user: ALEXAUSTIN
[0m16:12:42.396747 [info ] [MainThread]:   database: MY_DB
[0m16:12:42.396919 [info ] [MainThread]:   warehouse: COMPUTE_WH
[0m16:12:42.397085 [info ] [MainThread]:   role: ACCOUNTADMIN
[0m16:12:42.397250 [info ] [MainThread]:   schema: MY_SCHEMA
[0m16:12:42.397415 [info ] [MainThread]:   authenticator: None
[0m16:12:42.397578 [info ] [MainThread]:   private_key_path: None
[0m16:12:42.397746 [info ] [MainThread]:   token: None
[0m16:12:42.397915 [info ] [MainThread]:   oauth_client_id: None
[0m16:12:42.398079 [info ] [MainThread]:   query_tag: None
[0m16:12:42.398243 [info ] [MainThread]:   client_session_keep_alive: False
[0m16:12:42.398407 [info ] [MainThread]:   host: None
[0m16:12:42.398571 [info ] [MainThread]:   port: None
[0m16:12:42.398734 [info ] [MainThread]:   proxy_host: None
[0m16:12:42.398897 [info ] [MainThread]:   proxy_port: None
[0m16:12:42.399058 [info ] [MainThread]:   protocol: None
[0m16:12:42.399221 [info ] [MainThread]:   connect_retries: 1
[0m16:12:42.399383 [info ] [MainThread]:   connect_timeout: None
[0m16:12:42.399544 [info ] [MainThread]:   retry_on_database_errors: False
[0m16:12:42.399706 [info ] [MainThread]:   retry_all: False
[0m16:12:42.399870 [info ] [MainThread]:   insecure_mode: False
[0m16:12:42.400033 [info ] [MainThread]:   reuse_connections: None
[0m16:12:42.400332 [info ] [MainThread]: Registered adapter: snowflake=1.7.1
[0m16:12:42.405217 [debug] [MainThread]: Acquiring new snowflake connection 'debug'
[0m16:12:42.406294 [debug] [MainThread]: Using snowflake connection "debug"
[0m16:12:42.406556 [debug] [MainThread]: On debug: select 1 as id
[0m16:12:42.406754 [debug] [MainThread]: Opening a new connection, currently in state init
[0m16:12:43.004912 [debug] [MainThread]: SQL status: SUCCESS 1 in 1.0 seconds
[0m16:12:43.007793 [debug] [MainThread]: On debug: Close
[0m16:12:43.146183 [info ] [MainThread]:   Connection test: [[32mOK connection ok[0m]

[0m16:12:43.147105 [info ] [MainThread]: [31m1 check failed:[0m
[0m16:12:43.147661 [info ] [MainThread]: Project loading failed for the following reason:
 project path </Users/alexaustinchettiar/Downloads/dbt_snowflake_dagster/dagster_project/my_dagster_project/my_dagster_project/dbt_project.yml> not found

[0m16:12:43.151546 [debug] [MainThread]: Resource report: {"command_name": "debug", "command_wall_clock_time": 1.2409705, "process_user_time": 2.108907, "process_kernel_time": 1.889669, "process_mem_max_rss": "180469760", "command_success": false, "process_in_blocks": "0", "process_out_blocks": "0"}
[0m16:12:43.152803 [debug] [MainThread]: Command `dbt debug` failed at 16:12:43.152567 after 1.24 seconds
[0m16:12:43.153414 [debug] [MainThread]: Connection 'debug' was properly closed.
[0m16:12:43.154621 [debug] [MainThread]: Sending event: {'category': 'dbt', 'action': 'invocation', 'label': 'end', 'context': [<snowplow_tracker.self_describing_json.SelfDescribingJson object at 0x104a43160>, <snowplow_tracker.self_describing_json.SelfDescribingJson object at 0x13ac131f0>, <snowplow_tracker.self_describing_json.SelfDescribingJson object at 0x13ac71910>]}
[0m16:12:43.155444 [debug] [MainThread]: Flushing usage events
